#
# There is insufficient memory for the Java Runtime Environment to continue.
# Native memory allocation (malloc) failed to allocate 274726912 bytes for committing reserved memory.
# Possible reasons:
#   The system is out of physical RAM or swap space
#   In 32 bit mode, the process size limit was hit
# Possible solutions:
#   Reduce memory load on the system
#   Increase physical memory or swap space
#   Check if swap backing store is full
#   Use 64 bit Java on a 64 bit OS
#   Decrease Java heap size (-Xmx/-Xms)
#   Decrease number of Java threads
#   Decrease Java thread stack sizes (-Xss)
#   Set larger code cache with -XX:ReservedCodeCacheSize=
# This output file may be truncated or incomplete.
#
#  Out of Memory Error (os_linux.cpp:2809), pid=4181, tid=140206213973760
#
# JRE version: OpenJDK Runtime Environment (7.0_79-b14) (build 1.7.0_79-b14)
# Java VM: OpenJDK 64-Bit Server VM (24.79-b02 mixed mode linux-amd64 compressed oops)
# Derivative: IcedTea 2.5.5
# Distribution: Ubuntu 14.04 LTS, package 7u79-2.5.5-0ubuntu0.14.04.2
# Failed to write core dump. Core dumps have been disabled. To enable core dumping, try "ulimit -c unlimited" before starting Java again
#

---------------  T H R E A D  ---------------

Current thread (0x00007f8454075800):  VMThread [stack: 0x00007f844d844000,0x00007f844d945000] [id=4191]

Stack: [0x00007f844d844000,0x00007f844d945000],  sp=0x00007f844d943490,  free space=1021k
Native frames: (J=compiled Java code, j=interpreted, Vv=VM code, C=native code)
V  [libjvm.so+0x94aec5]  VMError::report_and_die()+0x175
V  [libjvm.so+0x48b9c4]  report_vm_out_of_memory(char const*, int, unsigned long, char const*)+0x74
V  [libjvm.so+0x7c806b]  os::pd_commit_memory(char*, unsigned long, unsigned long, bool)+0xeb
V  [libjvm.so+0x7c2b0f]  os::commit_memory(char*, unsigned long, unsigned long, bool)+0x1f
V  [libjvm.so+0x83500b]  PSVirtualSpace::expand_by(unsigned long)+0x5b
V  [libjvm.so+0x835e60]  PSYoungGen::resize_generation(unsigned long, unsigned long)+0xb0
V  [libjvm.so+0x83654b]  PSYoungGen::resize(unsigned long, unsigned long)+0x1b
V  [libjvm.so+0x832830]  PSScavenge::invoke_no_policy()+0xde0
V  [libjvm.so+0x833008]  PSScavenge::invoke()+0x38
V  [libjvm.so+0x7e96f3]  ParallelScavengeHeap::failed_mem_allocate(unsigned long)+0x63
V  [libjvm.so+0x94c8c4]  VM_ParallelGCFailedAllocation::doit()+0x84
V  [libjvm.so+0x950dc7]  VM_Operation::evaluate()+0x47
V  [libjvm.so+0x94f738]  VMThread::evaluate_operation(VM_Operation*)+0x318
V  [libjvm.so+0x94fb99]  VMThread::loop()+0x219
V  [libjvm.so+0x94ffe2]  VMThread::run()+0x72
V  [libjvm.so+0x7c4f32]  java_start(Thread*)+0xf2

VM_Operation (0x00007f845a52c840): ParallelGCFailedAllocation, mode: safepoint, requested by thread 0x00007f845400a800


---------------  P R O C E S S  ---------------

Java Threads: ( => current thread )
  0x00007f8454bb5000 JavaThread "qtp1956925123-19" [_thread_blocked, id=4208, stack(0x00007f8446b24000,0x00007f8446c25000)]
  0x00007f8454bb3000 JavaThread "qtp1956925123-18" [_thread_blocked, id=4207, stack(0x00007f8446c25000,0x00007f8446d26000)]
  0x00007f8454bb1000 JavaThread "qtp1956925123-17" [_thread_blocked, id=4206, stack(0x00007f8446d26000,0x00007f8446e27000)]
  0x00007f8454baf000 JavaThread "qtp1956925123-16" [_thread_blocked, id=4205, stack(0x00007f8446e27000,0x00007f8446f28000)]
  0x00007f8454bad000 JavaThread "qtp1956925123-15" [_thread_blocked, id=4204, stack(0x00007f8446f28000,0x00007f8447029000)]
  0x00007f8454bab800 JavaThread "qtp1956925123-14" [_thread_blocked, id=4203, stack(0x00007f8447029000,0x00007f844712a000)]
  0x00007f8454ba9800 JavaThread "qtp1956925123-13" [_thread_blocked, id=4202, stack(0x00007f844712a000,0x00007f844722b000)]
  0x00007f8454ba8000 JavaThread "qtp1956925123-12" [_thread_blocked, id=4201, stack(0x00007f844722b000,0x00007f844732c000)]
  0x00007f8454b9f000 JavaThread "DateCache" daemon [_thread_blocked, id=4200, stack(0x00007f844732c000,0x00007f844742d000)]
  0x00007f8454b83800 JavaThread "ShutdownMonitor" daemon [_thread_in_native, id=4199, stack(0x00007f844742d000,0x00007f844752e000)]
  0x00007f84540ae800 JavaThread "Service Thread" daemon [_thread_blocked, id=4197, stack(0x00007f844cf75000,0x00007f844d076000)]
  0x00007f84540ac800 JavaThread "C2 CompilerThread1" daemon [_thread_blocked, id=4196, stack(0x00007f844d076000,0x00007f844d177000)]
  0x00007f84540a9800 JavaThread "C2 CompilerThread0" daemon [_thread_blocked, id=4195, stack(0x00007f844d177000,0x00007f844d278000)]
  0x00007f84540a7000 JavaThread "Signal Dispatcher" daemon [_thread_blocked, id=4194, stack(0x00007f844d278000,0x00007f844d379000)]
  0x00007f845407c000 JavaThread "Finalizer" daemon [_thread_blocked, id=4193, stack(0x00007f844d642000,0x00007f844d743000)]
  0x00007f845407a000 JavaThread "Reference Handler" daemon [_thread_blocked, id=4192, stack(0x00007f844d743000,0x00007f844d844000)]
  0x00007f845400a800 JavaThread "main" [_thread_blocked, id=4185, stack(0x00007f845a42f000,0x00007f845a530000)]

Other Threads:
=>0x00007f8454075800 VMThread [stack: 0x00007f844d844000,0x00007f844d945000] [id=4191]
  0x00007f84540b9800 WatcherThread [stack: 0x00007f844ce74000,0x00007f844cf75000] [id=4198]

VM state:at safepoint (normal execution)

VM Mutex/Monitor currently owned by a thread:  ([mutex/lock_event])
[0x00007f8454006910] Threads_lock - owner thread: 0x00007f8454075800
[0x00007f8454006e10] Heap_lock - owner thread: 0x00007f845400a800

Heap
 PSYoungGen      total 200192K, used 7648K [0x00000007c2000000, 0x00000007ceb00000, 0x0000000800000000)
  eden space 192512K, 0% used [0x00000007c2000000,0x00000007c2000000,0x00000007cdc00000)
  from space 7680K, 99% used [0x00000007cdc00000,0x00000007ce378030,0x00000007ce380000)
  to   space 7680K, 0% used [0x00000007ce380000,0x00000007ce380000,0x00000007ceb00000)
 ParOldGen       total 126976K, used 59517K [0x0000000746000000, 0x000000074dc00000, 0x00000007c2000000)
  object space 126976K, 46% used [0x0000000746000000,0x0000000749a1f788,0x000000074dc00000)
 PSPermGen       total 22528K, used 22304K [0x000000073ba00000, 0x000000073d000000, 0x0000000746000000)
  object space 22528K, 99% used [0x000000073ba00000,0x000000073cfc8020,0x000000073d000000)

Card table byte_map: [0x00007f844f94f000,0x00007f844ff73000] byte_map_base: 0x00007f844bf72000

Polling page: 0x00007f845a564000

Code Cache  [0x00007f844ff73000, 0x00007f84501e3000, 0x00007f8452f73000)
 total_blobs=1013 nmethods=702 adapters=263 free_code_cache=46925Kb largest_free_block=47869632

Compilation events (10 events):
Event: 7.023 Thread 0x00007f84540a9800 nmethod 748 0x00007f844ffee2d0 code [0x00007f844ffee400, 0x00007f844ffee4b8]
Event: 7.028 Thread 0x00007f84540a9800  749             java.nio.charset.Charset::name (5 bytes)
Event: 7.029 Thread 0x00007f84540a9800 nmethod 749 0x00007f844ffe6e50 code [0x00007f844ffe6f80, 0x00007f844ffe6ff8]
Event: 7.033 Thread 0x00007f84540ac800 nmethod 747 0x00007f8450020710 code [0x00007f8450020960, 0x00007f8450021860]
Event: 7.057 Thread 0x00007f84540a9800  750             sun.net.www.protocol.jar.JarURLConnection::getUseCaches (8 bytes)
Event: 7.057 Thread 0x00007f84540ac800  751             java.net.URLConnection::getUseCaches (5 bytes)
Event: 7.057 Thread 0x00007f84540ac800 nmethod 751 0x00007f844ffeb6d0 code [0x00007f844ffeb800, 0x00007f844ffeb858]
Event: 7.058 Thread 0x00007f84540a9800 nmethod 750 0x00007f84500637d0 code [0x00007f8450063920, 0x00007f84500639b8]
Event: 7.097 Thread 0x00007f84540ac800  752   !         sun.net.www.protocol.jar.JarURLConnection::connect (147 bytes)
Event: 7.119 Thread 0x00007f84540a9800  753             org.objectweb.asm.ClassReader::a (99 bytes)

GC Heap History (9 events):
Event: 0.970 GC heap before
{Heap before GC invocations=1 (full 0):
 PSYoungGen      total 55808K, used 48128K [0x00000007c2000000, 0x00000007c5e00000, 0x0000000800000000)
  eden space 48128K, 100% used [0x00000007c2000000,0x00000007c4f00000,0x00000007c4f00000)
  from space 7680K, 0% used [0x00000007c5680000,0x00000007c5680000,0x00000007c5e00000)
  to   space 7680K, 0% used [0x00000007c4f00000,0x00000007c4f00000,0x00000007c5680000)
 ParOldGen       total 126976K, used 0K [0x0000000746000000, 0x000000074dc00000, 0x00000007c2000000)
  object space 126976K, 0% used [0x0000000746000000,0x0000000746000000,0x000000074dc00000)
 PSPermGen       total 21504K, used 9462K [0x000000073ba00000, 0x000000073cf00000, 0x0000000746000000)
  object space 21504K, 44% used [0x000000073ba00000,0x000000073c33d880,0x000000073cf00000)
Event: 0.994 GC heap after
Heap after GC invocations=1 (full 0):
 PSYoungGen      total 55808K, used 6201K [0x00000007c2000000, 0x00000007c8d00000, 0x0000000800000000)
  eden space 48128K, 0% used [0x00000007c2000000,0x00000007c2000000,0x00000007c4f00000)
  from space 7680K, 80% used [0x00000007c4f00000,0x00000007c550e408,0x00000007c5680000)
  to   space 7680K, 0% used [0x00000007c8580000,0x00000007c8580000,0x00000007c8d00000)
 ParOldGen       total 126976K, used 8K [0x0000000746000000, 0x000000074dc00000, 0x00000007c2000000)
  object space 126976K, 0% used [0x0000000746000000,0x0000000746002000,0x000000074dc00000)
 PSPermGen       total 21504K, used 9462K [0x000000073ba00000, 0x000000073cf00000, 0x0000000746000000)
  object space 21504K, 44% used [0x000000073ba00000,0x000000073c33d880,0x000000073cf00000)
}
Event: 2.248 GC heap before
{Heap before GC invocations=2 (full 0):
 PSYoungGen      total 55808K, used 54329K [0x00000007c2000000, 0x00000007c8d00000, 0x0000000800000000)
  eden space 48128K, 100% used [0x00000007c2000000,0x00000007c4f00000,0x00000007c4f00000)
  from space 7680K, 80% used [0x00000007c4f00000,0x00000007c550e408,0x00000007c5680000)
  to   space 7680K, 0% used [0x00000007c8580000,0x00000007c8580000,0x00000007c8d00000)
 ParOldGen       total 126976K, used 8K [0x0000000746000000, 0x000000074dc00000, 0x00000007c2000000)
  object space 126976K, 0% used [0x0000000746000000,0x0000000746002000,0x000000074dc00000)
 PSPermGen       total 21504K, used 14543K [0x000000073ba00000, 0x000000073cf00000, 0x0000000746000000)
  object space 21504K, 67% used [0x000000073ba00000,0x000000073c833c48,0x000000073cf00000)
Event: 2.263 GC heap after
Heap after GC invocations=2 (full 0):
 PSYoungGen      total 103936K, used 7650K [0x00000007c2000000, 0x00000007c8d00000, 0x0000000800000000)
  eden space 96256K, 0% used [0x00000007c2000000,0x00000007c2000000,0x00000007c7e00000)
  from space 7680K, 99% used [0x00000007c8580000,0x00000007c8cf8968,0x00000007c8d00000)
  to   space 7680K, 0% used [0x00000007c7e00000,0x00000007c7e00000,0x00000007c8580000)
 ParOldGen       total 126976K, used 892K [0x0000000746000000, 0x000000074dc00000, 0x00000007c2000000)
  object space 126976K, 0% used [0x0000000746000000,0x00000007460df378,0x000000074dc00000)
 PSPermGen       total 21504K, used 14543K [0x000000073ba00000, 0x000000073cf00000, 0x0000000746000000)
  object space 21504K, 67% used [0x000000073ba00000,0x000000073c833c48,0x000000073cf00000)
}
Event: 3.854 GC heap before
{Heap before GC invocations=3 (full 0):
 PSYoungGen      total 103936K, used 103906K [0x00000007c2000000, 0x00000007c8d00000, 0x0000000800000000)
  eden space 96256K, 100% used [0x00000007c2000000,0x00000007c7e00000,0x00000007c7e00000)
  from space 7680K, 99% used [0x00000007c8580000,0x00000007c8cf8968,0x00000007c8d00000)
  to   space 7680K, 0% used [0x00000007c7e00000,0x00000007c7e00000,0x00000007c8580000)
 ParOldGen       total 126976K, used 892K [0x0000000746000000, 0x000000074dc00000, 0x00000007c2000000)
  object space 126976K, 0% used [0x0000000746000000,0x00000007460df378,0x000000074dc00000)
 PSPermGen       total 21504K, used 16900K [0x000000073ba00000, 0x000000073cf00000, 0x0000000746000000)
  object space 21504K, 78% used [0x000000073ba00000,0x000000073ca812f0,0x000000073cf00000)
Event: 3.883 GC heap after
Heap after GC invocations=3 (full 0):
 PSYoungGen      total 103936K, used 7664K [0x00000007c2000000, 0x00000007ceb00000, 0x0000000800000000)
  eden space 96256K, 0% used [0x00000007c2000000,0x00000007c2000000,0x00000007c7e00000)
  from space 7680K, 99% used [0x00000007c7e00000,0x00000007c857c010,0x00000007c8580000)
  to   space 7680K, 0% used [0x00000007ce380000,0x00000007ce380000,0x00000007ceb00000)
 ParOldGen       total 126976K, used 4806K [0x0000000746000000, 0x000000074dc00000, 0x00000007c2000000)
  object space 126976K, 3% used [0x0000000746000000,0x00000007464b1bf0,0x000000074dc00000)
 PSPermGen       total 21504K, used 16900K [0x000000073ba00000, 0x000000073cf00000, 0x0000000746000000)
  object space 21504K, 78% used [0x000000073ba00000,0x000000073ca812f0,0x000000073cf00000)
}
Event: 5.429 GC heap before
{Heap before GC invocations=4 (full 0):
 PSYoungGen      total 103936K, used 103920K [0x00000007c2000000, 0x00000007ceb00000, 0x0000000800000000)
  eden space 96256K, 100% used [0x00000007c2000000,0x00000007c7e00000,0x00000007c7e00000)
  from space 7680K, 99% used [0x00000007c7e00000,0x00000007c857c010,0x00000007c8580000)
  to   space 7680K, 0% used [0x00000007ce380000,0x00000007ce380000,0x00000007ceb00000)
 ParOldGen       total 126976K, used 4806K [0x0000000746000000, 0x000000074dc00000, 0x00000007c2000000)
  object space 126976K, 3% used [0x0000000746000000,0x00000007464b1bf0,0x000000074dc00000)
 PSPermGen       total 22528K, used 22161K [0x000000073ba00000, 0x000000073d000000, 0x0000000746000000)
  object space 22528K, 98% used [0x000000073ba00000,0x000000073cfa44f8,0x000000073d000000)
Event: 5.455 GC heap after
Heap after GC invocations=4 (full 0):
 PSYoungGen      total 200192K, used 7648K [0x00000007c2000000, 0x00000007ceb00000, 0x0000000800000000)
  eden space 192512K, 0% used [0x00000007c2000000,0x00000007c2000000,0x00000007cdc00000)
  from space 7680K, 99% used [0x00000007ce380000,0x00000007ceaf8030,0x00000007ceb00000)
  to   space 7680K, 0% used [0x00000007cdc00000,0x00000007cdc00000,0x00000007ce380000)
 ParOldGen       total 126976K, used 16129K [0x0000000746000000, 0x000000074dc00000, 0x00000007c2000000)
  object space 126976K, 12% used [0x0000000746000000,0x0000000746fc0590,0x000000074dc00000)
 PSPermGen       total 22528K, used 22161K [0x000000073ba00000, 0x000000073d000000, 0x0000000746000000)
  object space 22528K, 98% used [0x000000073ba00000,0x000000073cfa44f8,0x000000073d000000)
}
Event: 7.128 GC heap before
{Heap before GC invocations=5 (full 0):
 PSYoungGen      total 200192K, used 200160K [0x00000007c2000000, 0x00000007ceb00000, 0x0000000800000000)
  eden space 192512K, 100% used [0x00000007c2000000,0x00000007cdc00000,0x00000007cdc00000)
  from space 7680K, 99% used [0x00000007ce380000,0x00000007ceaf8030,0x00000007ceb00000)
  to   space 7680K, 0% used [0x00000007cdc00000,0x00000007cdc00000,0x00000007ce380000)
 ParOldGen       total 126976K, used 16129K [0x0000000746000000, 0x000000074dc00000, 0x00000007c2000000)
  object space 126976K, 12% used [0x0000000746000000,0x0000000746fc0590,0x000000074dc00000)
 PSPermGen       total 22528K, used 22304K [0x000000073ba00000, 0x000000073d000000, 0x0000000746000000)
  object space 22528K, 99% used [0x000000073ba00000,0x000000073cfc8020,0x000000073d000000)

Deoptimization events (10 events):
Event: 5.089 Thread 0x00007f845400a800 Uncommon trap: reason=class_check action=maybe_recompile pc=0x00007f845007f530 method=java.lang.AbstractStringBuilder.append(Ljava/lang/CharSequence;II)Ljava/lang/AbstractStringBuilder; @ 18
Event: 5.089 Thread 0x00007f845400a800 Uncommon trap: reason=class_check action=maybe_recompile pc=0x00007f845007f530 method=java.lang.AbstractStringBuilder.append(Ljava/lang/CharSequence;II)Ljava/lang/AbstractStringBuilder; @ 18
Event: 5.089 Thread 0x00007f845400a800 Uncommon trap: reason=class_check action=maybe_recompile pc=0x00007f845007f530 method=java.lang.AbstractStringBuilder.append(Ljava/lang/CharSequence;II)Ljava/lang/AbstractStringBuilder; @ 18
Event: 5.109 Thread 0x00007f845400a800 Uncommon trap: reason=bimorphic action=maybe_recompile pc=0x00007f84500a7aa0 method=java.util.Hashtable.putAll(Ljava/util/Map;)V @ 1
Event: 5.196 Thread 0x00007f845400a800 Uncommon trap: reason=class_check action=maybe_recompile pc=0x00007f844ffed614 method=java.util.jar.JarFile.getJarEntry(Ljava/lang/String;)Ljava/util/jar/JarEntry; @ 2
Event: 5.199 Thread 0x00007f845400a800 Uncommon trap: reason=class_check action=maybe_recompile pc=0x00007f844ffed614 method=java.util.jar.JarFile.getJarEntry(Ljava/lang/String;)Ljava/util/jar/JarEntry; @ 2
Event: 5.199 Thread 0x00007f845400a800 Uncommon trap: reason=class_check action=maybe_recompile pc=0x00007f844ffed614 method=java.util.jar.JarFile.getJarEntry(Ljava/lang/String;)Ljava/util/jar/JarEntry; @ 2
Event: 5.199 Thread 0x00007f845400a800 Uncommon trap: reason=class_check action=maybe_recompile pc=0x00007f844ffed614 method=java.util.jar.JarFile.getJarEntry(Ljava/lang/String;)Ljava/util/jar/JarEntry; @ 2
Event: 5.227 Thread 0x00007f845400a800 Uncommon trap: reason=bimorphic action=maybe_recompile pc=0x00007f8450062ddc method=java.util.HashMap.<init>(IF)V @ 115
Event: 5.650 Thread 0x00007f845400a800 Uncommon trap: reason=unreached action=reinterpret pc=0x00007f845013b684 method=java.util.jar.JarInputStream.getNextEntry()Ljava/util/zip/ZipEntry; @ 74

Internal exceptions (10 events):
Event: 5.497 Thread 0x00007f845400a800 Threw 0x00000007c22072e8 at /build/buildd/openjdk-7-7u79-2.5.5/build/openjdk/hotspot/src/share/vm/prims/jvm.cpp:1284
Event: 5.497 Thread 0x00007f845400a800 Threw 0x00000007c220f3b8 at /build/buildd/openjdk-7-7u79-2.5.5/build/openjdk/hotspot/src/share/vm/prims/jvm.cpp:1284
Event: 5.498 Thread 0x00007f845400a800 Threw 0x00000007c2217890 at /build/buildd/openjdk-7-7u79-2.5.5/build/openjdk/hotspot/src/share/vm/prims/jvm.cpp:1284
Event: 5.498 Thread 0x00007f845400a800 Threw 0x00000007c221f020 at /build/buildd/openjdk-7-7u79-2.5.5/build/openjdk/hotspot/src/share/vm/prims/jvm.cpp:1284
Event: 5.650 Thread 0x00007f845400a800 Threw 0x00000007c3387a70 at /build/buildd/openjdk-7-7u79-2.5.5/build/openjdk/hotspot/src/share/vm/prims/jvm.cpp:1284
Event: 5.651 Thread 0x00007f845400a800 Threw 0x00000007c339fe90 at /build/buildd/openjdk-7-7u79-2.5.5/build/openjdk/hotspot/src/share/vm/prims/jvm.cpp:1284
Event: 5.652 Thread 0x00007f845400a800 Threw 0x00000007c33a8338 at /build/buildd/openjdk-7-7u79-2.5.5/build/openjdk/hotspot/src/share/vm/prims/jvm.cpp:1284
Event: 5.653 Thread 0x00007f845400a800 Threw 0x00000007c33c9f30 at /build/buildd/openjdk-7-7u79-2.5.5/build/openjdk/hotspot/src/share/vm/prims/jvm.cpp:1284
Event: 5.653 Thread 0x00007f845400a800 Threw 0x00000007c33d22c0 at /build/buildd/openjdk-7-7u79-2.5.5/build/openjdk/hotspot/src/share/vm/prims/jvm.cpp:1284
Event: 5.654 Thread 0x00007f845400a800 Threw 0x00000007c33e1270 at /build/buildd/openjdk-7-7u79-2.5.5/build/openjdk/hotspot/src/share/vm/prims/jvm.cpp:1284

Events (10 events):
Event: 6.640 Thread 0x00007f84540a9800 flushing nmethod 0x00007f8450077490
Event: 6.640 Thread 0x00007f84540a9800 flushing nmethod 0x00007f8450086bd0
Event: 7.023 Thread 0x00007f84540a9800 flushing nmethod 0x00007f845009e290
Event: 7.029 Thread 0x00007f84540a9800 flushing nmethod 0x00007f84500b2c10
Event: 7.029 Thread 0x00007f84540a9800 flushing nmethod 0x00007f84500b85d0
Event: 7.033 Thread 0x00007f84540ac800 flushing nmethod 0x00007f84500c9910
Event: 7.033 Thread 0x00007f84540ac800 flushing nmethod 0x00007f84500dc210
Event: 7.033 Thread 0x00007f84540ac800 flushing nmethod 0x00007f84500ddf50
Event: 7.058 Thread 0x00007f84540a9800 flushing nmethod 0x00007f8450104d10
Event: 7.128 Executing VM operation: ParallelGCFailedAllocation


Dynamic libraries:
00400000-00401000 r-xp 00000000 08:06 17958113                           /usr/lib/jvm/java-7-openjdk-amd64/jre/bin/java
00600000-00601000 r--p 00000000 08:06 17958113                           /usr/lib/jvm/java-7-openjdk-amd64/jre/bin/java
00601000-00602000 rw-p 00001000 08:06 17958113                           /usr/lib/jvm/java-7-openjdk-amd64/jre/bin/java
01b2b000-01b4c000 rw-p 00000000 00:00 0                                  [heap]
73ba00000-73d000000 rw-p 00000000 00:00 0 
73d000000-746000000 rw-p 00000000 00:00 0 
746000000-74dc00000 rw-p 00000000 00:00 0 
74dc00000-7c2000000 rw-p 00000000 00:00 0 
7c2000000-7ceb00000 rw-p 00000000 00:00 0 
7df100000-800000000 rw-p 00000000 00:00 0 
7f83dc000000-7f83dfffd000 rw-p 00000000 00:00 0 
7f83dfffd000-7f83e0000000 ---p 00000000 00:00 0 
7f83e0000000-7f83e0a50000 rw-p 00000000 00:00 0 
7f83e0a50000-7f83e4000000 ---p 00000000 00:00 0 
7f83e4000000-7f83e4021000 rw-p 00000000 00:00 0 
7f83e4021000-7f83e8000000 ---p 00000000 00:00 0 
7f83e8000000-7f83ebffc000 rw-p 00000000 00:00 0 
7f83ebffc000-7f83ec000000 ---p 00000000 00:00 0 
7f83ec000000-7f83ec021000 rw-p 00000000 00:00 0 
7f83ec021000-7f83f0000000 ---p 00000000 00:00 0 
7f83f0000000-7f83f0021000 rw-p 00000000 00:00 0 
7f83f0021000-7f83f4000000 ---p 00000000 00:00 0 
7f83f4000000-7f83f4021000 rw-p 00000000 00:00 0 
7f83f4021000-7f83f8000000 ---p 00000000 00:00 0 
7f83f8000000-7f83f8021000 rw-p 00000000 00:00 0 
7f83f8021000-7f83fc000000 ---p 00000000 00:00 0 
7f83fc000000-7f83fc021000 rw-p 00000000 00:00 0 
7f83fc021000-7f8400000000 ---p 00000000 00:00 0 
7f8400000000-7f8400021000 rw-p 00000000 00:00 0 
7f8400021000-7f8404000000 ---p 00000000 00:00 0 
7f8404000000-7f8404021000 rw-p 00000000 00:00 0 
7f8404021000-7f8408000000 ---p 00000000 00:00 0 
7f8408000000-7f8408021000 rw-p 00000000 00:00 0 
7f8408021000-7f840c000000 ---p 00000000 00:00 0 
7f840c000000-7f840c021000 rw-p 00000000 00:00 0 
7f840c021000-7f8410000000 ---p 00000000 00:00 0 
7f8410000000-7f8410021000 rw-p 00000000 00:00 0 
7f8410021000-7f8414000000 ---p 00000000 00:00 0 
7f8414000000-7f84149a1000 rw-p 00000000 00:00 0 
7f84149a1000-7f8418000000 ---p 00000000 00:00 0 
7f8418000000-7f8418021000 rw-p 00000000 00:00 0 
7f8418021000-7f841c000000 ---p 00000000 00:00 0 
7f841c000000-7f841c021000 rw-p 00000000 00:00 0 
7f841c021000-7f8420000000 ---p 00000000 00:00 0 
7f8420000000-7f8420dbc000 rw-p 00000000 00:00 0 
7f8420dbc000-7f8424000000 ---p 00000000 00:00 0 
7f8424000000-7f8424021000 rw-p 00000000 00:00 0 
7f8424021000-7f8428000000 ---p 00000000 00:00 0 
7f8428000000-7f8428021000 rw-p 00000000 00:00 0 
7f8428021000-7f842c000000 ---p 00000000 00:00 0 
7f842c000000-7f842c298000 rw-p 00000000 00:00 0 
7f842c298000-7f8430000000 ---p 00000000 00:00 0 
7f8431dd0000-7f8438000000 rw-p 00000000 00:00 0 
7f8438000000-7f8438021000 rw-p 00000000 00:00 0 
7f8438021000-7f843c000000 ---p 00000000 00:00 0 
7f843c000000-7f843c021000 rw-p 00000000 00:00 0 
7f843c021000-7f8440000000 ---p 00000000 00:00 0 
7f8440000000-7f8440021000 rw-p 00000000 00:00 0 
7f8440021000-7f8444000000 ---p 00000000 00:00 0 
7f8446a10000-7f8446a11000 rw-p 00000000 00:00 0 
7f8446a11000-7f8446a1a000 r--s 0006f000 08:06 9307658                    /home/anmol/.m2/repository/log4j/log4j/1.2.17/log4j-1.2.17.jar
7f8446a1a000-7f8446a1c000 r--s 00001000 08:06 9307656                    /home/anmol/.m2/repository/org/slf4j/slf4j-log4j12/1.7.12/slf4j-log4j12-1.7.12.jar
7f8446a1c000-7f8446a1d000 r--s 00007000 08:06 9307654                    /home/anmol/.m2/repository/org/slf4j/slf4j-api/1.7.12/slf4j-api-1.7.12.jar
7f8446a1d000-7f8446a1f000 r--s 0000d000 08:06 10095667                   /home/anmol/.m2/repository/com/fasterxml/classmate/1.0.0/classmate-1.0.0.jar
7f8446a1f000-7f8446a23000 r--s 0000c000 08:06 11142372                   /home/anmol/.m2/repository/javax/validation/validation-api/1.1.0.Final/validation-api-1.1.0.Final.jar
7f8446a23000-7f8446a30000 r--s 00080000 08:06 11142370                   /home/anmol/.m2/repository/org/hibernate/hibernate-validator/5.0.3.Final/hibernate-validator-5.0.3.Final.jar
7f8446a30000-7f8446a3a000 r--s 000a5000 08:06 11142368                   /home/anmol/.m2/repository/org/javassist/javassist/3.18.1-GA/javassist-3.18.1-GA.jar
7f8446a3a000-7f8446a3b000 r--s 00006000 08:06 11142366                   /home/anmol/.m2/repository/org/jboss/spec/javax/transaction/jboss-transaction-api_1.2_spec/1.0.0.Final/jboss-transaction-api_1.2_spec-1.0.0.Final.jar
7f8446a3b000-7f8446a40000 r--s 00017000 08:06 11142364                   /home/anmol/.m2/repository/org/hibernate/javax/persistence/hibernate-jpa-2.1-api/1.0.0.Final/hibernate-jpa-2.1-api-1.0.0.Final.jar
7f8446a40000-7f8446a43000 r--s 00010000 08:06 11142362                   /home/anmol/.m2/repository/org/hibernate/common/hibernate-commons-annotations/4.0.5.Final/hibernate-commons-annotations-4.0.5.Final.jar
7f8446a43000-7f8446a48000 r--s 00016000 08:06 11142360                   /home/anmol/.m2/repository/xml-apis/xml-apis/1.0.b2/xml-apis-1.0.b2.jar
7f8446a48000-7f8446a4d000 r--s 00048000 08:06 11142358                   /home/anmol/.m2/repository/dom4j/dom4j/1.6.1/dom4j-1.6.1.jar
7f8446a4d000-7f8446a4f000 r--s 00011000 08:06 11142356                   /home/anmol/.m2/repository/org/jboss/jandex/1.1.0.Final/jandex-1.1.0.Final.jar
7f8446a4f000-7f8446a54000 r--s 00068000 08:06 11142354                   /home/anmol/.m2/repository/antlr/antlr/2.7.7/antlr-2.7.7.jar
7f8446a54000-7f8446ab2000 r--s 004aa000 08:06 11142352                   /home/anmol/.m2/repository/org/hibernate/hibernate-core/4.3.8.Final/hibernate-core-4.3.8.Final.jar
7f8446ab2000-7f8446ab3000 r--s 00002000 08:06 11142350                   /home/anmol/.m2/repository/org/jboss/logging/jboss-logging-annotations/1.2.0.Beta1/jboss-logging-annotations-1.2.0.Beta1.jar
7f8446ab3000-7f8446ab5000 r--s 0000c000 08:06 11142348                   /home/anmol/.m2/repository/org/jboss/logging/jboss-logging/3.1.3.GA/jboss-logging-3.1.3.GA.jar
7f8446ab5000-7f8446ac3000 r--s 00091000 08:06 11142346                   /home/anmol/.m2/repository/org/hibernate/hibernate-entitymanager/4.3.8.Final/hibernate-entitymanager-4.3.8.Final.jar
7f8446ac3000-7f8446ad1000 r--s 00191000 08:06 9704354                    /home/anmol/.m2/repository/com/h2database/h2/1.4.187/h2-1.4.187.jar
7f8446ad1000-7f8446ae0000 r--s 00081000 08:06 11142177                   /home/anmol/.m2/repository/joda-time/joda-time/2.7/joda-time-2.7.jar
7f8446ae0000-7f8446ae1000 r--s 00003000 08:06 11142175                   /home/anmol/.m2/repository/org/jboss/resteasy/async-http-servlet-3.0/3.0.9.Final/async-http-servlet-3.0-3.0.9.Final.jar
7f8446ae1000-7f8446ae2000 r--s 00001000 08:06 11142172                   /home/anmol/.m2/repository/org/jboss/resteasy/resteasy-servlet-initializer/3.0.9.Final/resteasy-servlet-initializer-3.0.9.Final.jar
7f8446ae2000-7f8446ae6000 r--s 00017000 08:06 11142168                   /home/anmol/.m2/repository/org/jboss/resteasy/jaxrs-api/3.0.9.Final/jaxrs-api-3.0.9.Final.jar
7f8446ae6000-7f8446aea000 r--s 0001f000 08:06 11142165                   /home/anmol/.m2/repository/org/jboss/resteasy/resteasy-client/3.0.9.Final/resteasy-client-3.0.9.Final.jar
7f8446aea000-7f8446aeb000 r--s 00000000 08:06 11142163                   /home/anmol/.m2/repository/net/jcip/jcip-annotations/1.0/jcip-annotations-1.0.jar
7f8446aeb000-7f8446aee000 r--s 00025000 08:06 11142161                   /home/anmol/.m2/repository/commons-io/commons-io/2.1/commons-io-2.1.jar
7f8446aee000-7f8446af4000 r--s 00033000 08:06 11142159                   /home/anmol/.m2/repository/commons-codec/commons-codec/1.6/commons-codec-1.6.jar
7f8446af4000-7f8446af6000 r--s 0000d000 08:06 11142157                   /home/anmol/.m2/repository/commons-logging/commons-logging/1.1.1/commons-logging-1.1.1.jar
7f8446af6000-7f8446afc000 r--s 00032000 08:06 11142155                   /home/anmol/.m2/repository/org/apache/httpcomponents/httpcore/4.2.5/httpcore-4.2.5.jar
7f8446afc000-7f8446b06000 r--s 00061000 08:06 11142153                   /home/anmol/.m2/repository/org/apache/httpcomponents/httpclient/4.2.6/httpclient-4.2.6.jar
7f8446b06000-7f8446b08000 r--s 0000e000 08:06 11142151                   /home/anmol/.m2/repository/javax/activation/activation/1.1/activation-1.1.jar
7f8446b08000-7f8446b09000 r--s 00004000 08:06 11142149                   /home/anmol/.m2/repository/org/jboss/spec/javax/annotation/jboss-annotations-api_1.1_spec/1.0.1.Final/jboss-annotations-api_1.1_spec-1.0.1.Final.jar
7f8446b09000-7f8446b1a000 r--s 000ba000 08:06 11142147                   /home/anmol/.m2/repository/org/jboss/resteasy/resteasy-jaxrs/3.0.9.Final/resteasy-jaxrs-3.0.9.Final.jar
7f8446b1a000-7f8446b24000 r--s 000ae000 08:06 17958301                   /usr/lib/jvm/java-7-openjdk-amd64/jre/lib/resources.jar
7f8446b24000-7f8446b27000 ---p 00000000 00:00 0 
7f8446b27000-7f8446c25000 rw-p 00000000 00:00 0                          [stack:4208]
7f8446c25000-7f8446c28000 ---p 00000000 00:00 0 
7f8446c28000-7f8446d26000 rw-p 00000000 00:00 0                          [stack:4207]
7f8446d26000-7f8446d29000 ---p 00000000 00:00 0 
7f8446d29000-7f8446e27000 rw-p 00000000 00:00 0                          [stack:4206]
7f8446e27000-7f8446e2a000 ---p 00000000 00:00 0 
7f8446e2a000-7f8446f28000 rw-p 00000000 00:00 0                          [stack:4205]
7f8446f28000-7f8446f2b000 ---p 00000000 00:00 0 
7f8446f2b000-7f8447029000 rw-p 00000000 00:00 0                          [stack:4204]
7f8447029000-7f844702c000 ---p 00000000 00:00 0 
7f844702c000-7f844712a000 rw-p 00000000 00:00 0                          [stack:4203]
7f844712a000-7f844712d000 ---p 00000000 00:00 0 
7f844712d000-7f844722b000 rw-p 00000000 00:00 0                          [stack:4202]
7f844722b000-7f844722e000 ---p 00000000 00:00 0 
7f844722e000-7f844732c000 rw-p 00000000 00:00 0                          [stack:4201]
7f844732c000-7f844732f000 ---p 00000000 00:00 0 
7f844732f000-7f844742d000 rw-p 00000000 00:00 0                          [stack:4200]
7f844742d000-7f8447430000 ---p 00000000 00:00 0 
7f8447430000-7f844752e000 rw-p 00000000 00:00 0                          [stack:4199]
7f844752e000-7f8447531000 r--s 00017000 08:06 17959608                   /usr/lib/jvm/java-7-openjdk-amd64/jre/lib/jce.jar
7f8447531000-7f8447532000 r--s 00003000 08:06 11143746                   /home/anmol/.m2/repository/org/eclipse/jetty/jetty-continuation/9.0.6.v20130930/jetty-continuation-9.0.6.v20130930.jar
7f8447532000-7f8447541000 r--s 001a0000 08:06 11143729                   /home/anmol/.m2/repository/org/eclipse/jetty/orbit/org.eclipse.jdt.core/3.8.2.v20130121/org.eclipse.jdt.core-3.8.2.v20130121.jar
7f8447541000-7f8447544000 r--s 0001f000 08:06 11143727                   /home/anmol/.m2/repository/org/eclipse/jetty/orbit/com.sun.el/2.2.0.v201303151357/com.sun.el-2.2.0.v201303151357.jar
7f8447544000-7f8447546000 r--s 0000c000 08:06 11143725                   /home/anmol/.m2/repository/org/eclipse/jetty/orbit/javax.el/2.2.0.v201303151357/javax.el-2.2.0.v201303151357.jar
7f8447546000-7f844754e000 r--s 00061000 08:06 11143723                   /home/anmol/.m2/repository/org/eclipse/jetty/orbit/org.apache.taglibs.standard.glassfish/1.2.0.v201112081803/org.apache.taglibs.standard.glassfish-1.2.0.v201112081803.jar
7f844754e000-7f8447550000 r--s 0000b000 08:06 11143721                   /home/anmol/.m2/repository/org/eclipse/jetty/orbit/javax.servlet.jsp.jstl/1.2.0.v201105211821/javax.servlet.jsp.jstl-1.2.0.v201105211821.jar
7f8447550000-7f8447557000 r--s 0008a000 08:06 11143719                   /home/anmol/.m2/repository/org/eclipse/jetty/orbit/org.apache.jasper.glassfish/2.2.2.v201112011158/org.apache.jasper.glassfish-2.2.2.v201112011158.jar
7f8447557000-7f8447559000 r--s 00018000 08:06 11143717                   /home/anmol/.m2/repository/org/eclipse/jetty/orbit/javax.servlet.jsp/2.2.0.v201112011158/javax.servlet.jsp-2.2.0.v201112011158.jar
7f8447559000-7f844755a000 r--s 00000000 08:06 11143715                   /home/anmol/.m2/repository/org/eclipse/jetty/jetty-jsp/9.0.6.v20130930/jetty-jsp-9.0.6.v20130930.jar
7f844755a000-7f844755b000 r--s 00002000 08:06 11143713                   /home/anmol/.m2/repository/org/eclipse/jetty/websocket/websocket-servlet/9.0.6.v20130930/websocket-servlet-9.0.6.v20130930.jar
7f844755b000-7f844755d000 r--s 00007000 08:06 11143711                   /home/anmol/.m2/repository/org/eclipse/jetty/websocket/websocket-client/9.0.6.v20130930/websocket-client-9.0.6.v20130930.jar
7f844755d000-7f8447560000 r--s 00008000 08:06 11143709                   /home/anmol/.m2/repository/org/eclipse/jetty/websocket/websocket-api/9.0.6.v20130930/websocket-api-9.0.6.v20130930.jar
7f8447560000-7f8447564000 r--s 00020000 08:06 11143707                   /home/anmol/.m2/repository/org/eclipse/jetty/websocket/websocket-common/9.0.6.v20130930/websocket-common-9.0.6.v20130930.jar
7f8447564000-7f8447565000 r--s 00005000 08:06 11143705                   /home/anmol/.m2/repository/org/eclipse/jetty/websocket/websocket-server/9.0.6.v20130930/websocket-server-9.0.6.v20130930.jar
7f8447565000-7f844756a000 r--s 00032000 08:06 11143703                   /home/anmol/.m2/repository/org/eclipse/jetty/orbit/org.objectweb.asm/3.1.0.v200803061910/org.objectweb.asm-3.1.0.v200803061910.jar
7f844756a000-7f844756c000 r--s 00005000 08:06 11143701                   /home/anmol/.m2/repository/org/eclipse/jetty/orbit/javax.annotation/1.1.0.v201108011116/javax.annotation-1.1.0.v201108011116.jar
7f844756c000-7f844756e000 r--s 00011000 08:06 11143699                   /home/anmol/.m2/repository/org/eclipse/jetty/jetty-annotations/9.0.6.v20130930/jetty-annotations-9.0.6.v20130930.jar
7f844756e000-7f8447571000 r--s 00013000 08:06 11143695                   /home/anmol/.m2/repository/org/eclipse/jetty/jetty-io/9.0.6.v20130930/jetty-io-9.0.6.v20130930.jar
7f8447571000-7f8447573000 r--s 00018000 08:06 11143693                   /home/anmol/.m2/repository/org/eclipse/jetty/jetty-http/9.0.6.v20130930/jetty-http-9.0.6.v20130930.jar
7f8447573000-7f8447578000 r--s 00054000 08:06 11143689                   /home/anmol/.m2/repository/org/eclipse/jetty/jetty-server/9.0.6.v20130930/jetty-server-9.0.6.v20130930.jar
7f8447578000-7f84475b5000 r-xp 00000000 08:06 9703542                    /lib/x86_64-linux-gnu/libpcre.so.3.13.1
7f84475b5000-7f84477b4000 ---p 0003d000 08:06 9703542                    /lib/x86_64-linux-gnu/libpcre.so.3.13.1
7f84477b4000-7f84477b5000 r--p 0003c000 08:06 9703542                    /lib/x86_64-linux-gnu/libpcre.so.3.13.1
7f84477b5000-7f84477b6000 rw-p 0003d000 08:06 9703542                    /lib/x86_64-linux-gnu/libpcre.so.3.13.1
7f84477b6000-7f84477bd000 r-xp 00000000 08:06 17833527                   /usr/lib/x86_64-linux-gnu/libffi.so.6.0.1
7f84477bd000-7f84479bc000 ---p 00007000 08:06 17833527                   /usr/lib/x86_64-linux-gnu/libffi.so.6.0.1
7f84479bc000-7f84479bd000 r--p 00006000 08:06 17833527                   /usr/lib/x86_64-linux-gnu/libffi.so.6.0.1
7f84479bd000-7f84479be000 rw-p 00007000 08:06 17833527                   /usr/lib/x86_64-linux-gnu/libffi.so.6.0.1
7f84479be000-7f84479d5000 r-xp 00000000 08:06 9699343                    /lib/x86_64-linux-gnu/libresolv-2.19.so
7f84479d5000-7f8447bd5000 ---p 00017000 08:06 9699343                    /lib/x86_64-linux-gnu/libresolv-2.19.so
7f8447bd5000-7f8447bd6000 r--p 00017000 08:06 9699343                    /lib/x86_64-linux-gnu/libresolv-2.19.so
7f8447bd6000-7f8447bd7000 rw-p 00018000 08:06 9699343                    /lib/x86_64-linux-gnu/libresolv-2.19.so
7f8447bd7000-7f8447bd9000 rw-p 00000000 00:00 0 
7f8447bd9000-7f8447bf9000 r-xp 00000000 08:06 9703569                    /lib/x86_64-linux-gnu/libselinux.so.1
7f8447bf9000-7f8447df8000 ---p 00020000 08:06 9703569                    /lib/x86_64-linux-gnu/libselinux.so.1
7f8447df8000-7f8447df9000 r--p 0001f000 08:06 9703569                    /lib/x86_64-linux-gnu/libselinux.so.1
7f8447df9000-7f8447dfa000 rw-p 00020000 08:06 9703569                    /lib/x86_64-linux-gnu/libselinux.so.1
7f8447dfa000-7f8447dfc000 rw-p 00000000 00:00 0 
7f8447dfc000-7f8447dff000 r-xp 00000000 08:06 17833661                   /usr/lib/x86_64-linux-gnu/libgmodule-2.0.so.0.4002.0
7f8447dff000-7f8447ffe000 ---p 00003000 08:06 17833661                   /usr/lib/x86_64-linux-gnu/libgmodule-2.0.so.0.4002.0
7f8447ffe000-7f8447fff000 r--p 00002000 08:06 17833661                   /usr/lib/x86_64-linux-gnu/libgmodule-2.0.so.0.4002.0
7f8447fff000-7f8448000000 rw-p 00003000 08:06 17833661                   /usr/lib/x86_64-linux-gnu/libgmodule-2.0.so.0.4002.0
7f8448000000-7f8448021000 rw-p 00000000 00:00 0 
7f8448021000-7f844c000000 ---p 00000000 00:00 0 
7f844c000000-7f844c001000 r--s 00005000 08:06 11143697                   /home/anmol/.m2/repository/org/eclipse/jetty/jetty-jmx/9.0.6.v20130930/jetty-jmx-9.0.6.v20130930.jar
7f844c001000-7f844c004000 r--s 0002e000 08:06 11143691                   /home/anmol/.m2/repository/org/eclipse/jetty/orbit/javax.servlet/3.0.0.v201112011016/javax.servlet-3.0.0.v201112011016.jar
7f844c004000-7f844c006000 r--s 0000c000 08:06 11143687                   /home/anmol/.m2/repository/org/eclipse/jetty/orbit/javax.activation/1.1.0.v201105071233/javax.activation-1.1.0.v201105071233.jar
7f844c006000-7f844c00c000 r--s 00072000 08:06 11143631                   /home/anmol/.m2/repository/org/eclipse/jetty/orbit/javax.mail.glassfish/1.4.1.v201005082020/javax.mail.glassfish-1.4.1.v201005082020.jar
7f844c00c000-7f844c00d000 r--s 00009000 08:06 11143629                   /home/anmol/.m2/repository/org/eclipse/jetty/jetty-jndi/9.0.6.v20130930/jetty-jndi-9.0.6.v20130930.jar
7f844c00d000-7f844c00f000 r--s 00006000 08:06 11143627                   /home/anmol/.m2/repository/org/eclipse/jetty/orbit/javax.transaction/1.1.1.v201105210645/javax.transaction-1.1.1.v201105210645.jar
7f844c00f000-7f844c011000 r--s 0000b000 08:06 11143625                   /home/anmol/.m2/repository/org/eclipse/jetty/jetty-plus/9.0.6.v20130930/jetty-plus-9.0.6.v20130930.jar
7f844c011000-7f844c014000 r--s 00014000 08:06 11143623                   /home/anmol/.m2/repository/org/eclipse/jetty/jetty-security/9.0.6.v20130930/jetty-security-9.0.6.v20130930.jar
7f844c014000-7f844c016000 r--s 00008000 08:06 11143621                   /home/anmol/.m2/repository/org/eclipse/jetty/jetty-jaas/9.0.6.v20130930/jetty-jaas-9.0.6.v20130930.jar
7f844c016000-7f844c018000 r--s 00018000 08:06 11143619                   /home/anmol/.m2/repository/org/eclipse/jetty/jetty-servlet/9.0.6.v20130930/jetty-servlet-9.0.6.v20130930.jar
7f844c018000-7f844c01a000 r--s 00009000 08:06 11143617                   /home/anmol/.m2/repository/org/eclipse/jetty/jetty-xml/9.0.6.v20130930/jetty-xml-9.0.6.v20130930.jar
7f844c01a000-7f844c01c000 r--s 0001a000 08:06 11143615                   /home/anmol/.m2/repository/org/eclipse/jetty/jetty-webapp/9.0.6.v20130930/jetty-webapp-9.0.6.v20130930.jar
7f844c01c000-7f844c021000 r--s 0004e000 08:06 11143613                   /home/anmol/.m2/repository/org/eclipse/jetty/jetty-util/9.0.6.v20130930/jetty-util-9.0.6.v20130930.jar
7f844c021000-7f844c029000 r--s 00049000 08:06 9309070                    /home/anmol/.m2/repository/backport-util-concurrent/backport-util-concurrent/3.1/backport-util-concurrent-3.1.jar
7f844c029000-7f844c02a000 r--s 00005000 08:06 11143611                   /home/anmol/.m2/repository/org/apache/maven/plugin-tools/maven-plugin-tools-api/3.1/maven-plugin-tools-api-3.1.jar
7f844c02a000-7f844c02c000 r--s 00002000 08:06 9309062                    /home/anmol/.m2/repository/org/sonatype/plexus/plexus-cipher/1.4/plexus-cipher-1.4.jar
7f844c02c000-7f844c02d000 r--s 00006000 08:06 9309060                    /home/anmol/.m2/repository/org/sonatype/plexus/plexus-sec-dispatcher/1.3/plexus-sec-dispatcher-1.3.jar
7f844c02d000-7f844c02f000 r--s 00000000 08:06 9306917                    /home/anmol/.m2/repository/org/codehaus/plexus/plexus-component-annotations/1.5.5/plexus-component-annotations-1.5.5.jar
7f844c02f000-7f844c031000 r--s 0000d000 08:06 11143607                   /home/anmol/.m2/repository/org/codehaus/plexus/plexus-interpolation/1.14/plexus-interpolation-1.14.jar
7f844c031000-7f844c035000 r--s 0001a000 08:06 11143605                   /home/anmol/.m2/repository/org/sonatype/aether/aether-util/1.11/aether-util-1.11.jar
7f844c035000-7f844c039000 r--s 00033000 08:06 11142850                   /home/anmol/.m2/repository/org/codehaus/plexus/plexus-utils/2.0.6/plexus-utils-2.0.6.jar
7f844c039000-7f844c045000 r--s 0006b000 08:06 11142846                   /home/anmol/.m2/repository/org/sonatype/sisu/sisu-guice/2.9.4/sisu-guice-2.9.4-no_aop.jar
7f844c045000-7f844c04b000 r--s 00033000 08:06 11142844                   /home/anmol/.m2/repository/org/sonatype/sisu/sisu-inject-bean/2.1.1/sisu-inject-bean-2.1.1.jar
7f844c04b000-7f844c04d000 r--s 00015000 08:06 11142014                   /home/anmol/.m2/repository/org/eclipse/jetty/jetty-maven-plugin/9.0.6.v20130930/jetty-maven-plugin-9.0.6.v20130930.jar
7f844c04d000-7f844c051000 r--s 0002f000 08:06 9307457                    /home/anmol/.m2/repository/commons-lang/commons-lang/2.1/commons-lang-2.1.jar
7f844c051000-7f844c054000 r--s 0000c000 08:06 9307455                    /home/anmol/.m2/repository/org/codehaus/plexus/plexus-io/2.0.2/plexus-io-2.0.2.jar
7f844c054000-7f844c059000 r--s 00029000 08:06 9307453                    /home/anmol/.m2/repository/org/codehaus/plexus/plexus-archiver/2.1/plexus-archiver-2.1.jar
7f844c059000-7f844c05b000 r--s 0000d000 08:06 9307451                    /home/anmol/.m2/repository/org/codehaus/plexus/plexus-interpolation/1.15/plexus-interpolation-1.15.jar
7f844c05b000-7f844c05d000 r--s 00004000 08:06 9307449                    /home/anmol/.m2/repository/org/apache/maven/maven-archiver/2.5/maven-archiver-2.5.jar
7f844c05d000-7f844c05f000 r--s 00007000 08:06 9306271                    /home/anmol/.m2/repository/org/apache/maven/plugins/maven-jar-plugin/2.4/maven-jar-plugin-2.4.jar
7f844c05f000-7f844c061000 r--s 00002000 08:06 9307398                    /home/anmol/.m2/repository/org/apache/maven/plugin-tools/maven-plugin-annotations/3.1/maven-plugin-annotations-3.1.jar
7f844c061000-7f844c065000 r--s 00035000 08:06 9307392                    /home/anmol/.m2/repository/org/codehaus/plexus/plexus-utils/3.0.8/plexus-utils-3.0.8.jar
7f844c065000-7f844c067000 r--s 00006000 08:06 9307390                    /home/anmol/.m2/repository/org/apache/maven/shared/maven-common-artifact-filters/1.3/maven-common-artifact-filters-1.3.jar
7f844c067000-7f844c06d000 r--s 00048000 08:06 9307388                    /home/anmol/.m2/repository/org/apache/commons/commons-lang3/3.1/commons-lang3-3.1.jar
7f844c06d000-7f844c09e000 rw-p 00000000 00:00 0 
7f844c09e000-7f844c1a4000 r-xp 00000000 08:06 9703469                    /lib/x86_64-linux-gnu/libglib-2.0.so.0.4002.0
7f844c1a4000-7f844c3a3000 ---p 00106000 08:06 9703469                    /lib/x86_64-linux-gnu/libglib-2.0.so.0.4002.0
7f844c3a3000-7f844c3a4000 r--p 00105000 08:06 9703469                    /lib/x86_64-linux-gnu/libglib-2.0.so.0.4002.0
7f844c3a4000-7f844c3a5000 rw-p 00106000 08:06 9703469                    /lib/x86_64-linux-gnu/libglib-2.0.so.0.4002.0
7f844c3a5000-7f844c3a6000 rw-p 00000000 00:00 0 
7f844c3a6000-7f844c3f5000 r-xp 00000000 08:06 17833685                   /usr/lib/x86_64-linux-gnu/libgobject-2.0.so.0.4002.0
7f844c3f5000-7f844c5f5000 ---p 0004f000 08:06 17833685                   /usr/lib/x86_64-linux-gnu/libgobject-2.0.so.0.4002.0
7f844c5f5000-7f844c5f6000 r--p 0004f000 08:06 17833685                   /usr/lib/x86_64-linux-gnu/libgobject-2.0.so.0.4002.0
7f844c5f6000-7f844c5f7000 rw-p 00050000 08:06 17833685                   /usr/lib/x86_64-linux-gnu/libgobject-2.0.so.0.4002.0
7f844c5f7000-7f844c763000 r-xp 00000000 08:06 17833645                   /usr/lib/x86_64-linux-gnu/libgio-2.0.so.0.4002.0
7f844c763000-7f844c962000 ---p 0016c000 08:06 17833645                   /usr/lib/x86_64-linux-gnu/libgio-2.0.so.0.4002.0
7f844c962000-7f844c966000 r--p 0016b000 08:06 17833645                   /usr/lib/x86_64-linux-gnu/libgio-2.0.so.0.4002.0
7f844c966000-7f844c968000 rw-p 0016f000 08:06 17833645                   /usr/lib/x86_64-linux-gnu/libgio-2.0.so.0.4002.0
7f844c968000-7f844c96a000 rw-p 00000000 00:00 0 
7f844c96a000-7f844c96b000 r--s 00002000 08:06 9307394                    /home/anmol/.m2/repository/org/apache/maven/reporting/maven-reporting-api/2.0.9/maven-reporting-api-2.0.9.jar
7f844c96b000-7f844c970000 r--s 0003c000 08:06 9307386                    /home/anmol/.m2/repository/org/apache/maven/surefire/maven-surefire-common/2.12.4/maven-surefire-common-2.12.4.jar
7f844c970000-7f844c974000 r--s 00019000 08:06 9307384                    /home/anmol/.m2/repository/org/apache/maven/surefire/surefire-api/2.12.4/surefire-api-2.12.4.jar
7f844c974000-7f844c976000 r--s 00007000 08:06 9307382                    /home/anmol/.m2/repository/org/apache/maven/surefire/surefire-booter/2.12.4/surefire-booter-2.12.4.jar
7f844c976000-7f844c977000 r--s 00007000 08:06 9306263                    /home/anmol/.m2/repository/org/apache/maven/plugins/maven-surefire-plugin/2.12.4/maven-surefire-plugin-2.12.4.jar
7f844c977000-7f844c978000 r--s 00003000 08:06 9307575                    /home/anmol/.m2/repository/org/codehaus/plexus/plexus-compiler-javac/1.9.1/plexus-compiler-javac-1.9.1.jar
7f844c978000-7f844c97a000 r--s 00000000 08:06 9307573                    /home/anmol/.m2/repository/org/codehaus/plexus/plexus-compiler-manager/1.9.1/plexus-compiler-manager-1.9.1.jar
7f844c97a000-7f844c97c000 r--s 00004000 08:06 9307571                    /home/anmol/.m2/repository/org/codehaus/plexus/plexus-compiler-api/1.9.1/plexus-compiler-api-1.9.1.jar
7f844c97c000-7f844c980000 r--s 00034000 08:06 9307459                    /home/anmol/.m2/repository/org/codehaus/plexus/plexus-utils/3.0/plexus-utils-3.0.jar
7f844c980000-7f844c981000 r--s 00007000 08:06 9307514                    /home/anmol/.m2/repository/org/apache/maven/plugins/maven-compiler-plugin/2.5.1/maven-compiler-plugin-2.5.1.jar
7f844c981000-7f844c983000 r--s 0000d000 08:06 9307055                    /home/anmol/.m2/repository/org/codehaus/plexus/plexus-interpolation/1.13/plexus-interpolation-1.13.jar
7f844c983000-7f844c984000 r--s 00001000 08:06 9307053                    /home/anmol/.m2/repository/org/sonatype/plexus/plexus-build-api/0.0.4/plexus-build-api-0.0.4.jar
7f844c984000-7f844c986000 r--s 00009000 08:06 9307051                    /home/anmol/.m2/repository/org/apache/maven/shared/maven-filtering/1.1/maven-filtering-1.1.jar
7f844c986000-7f844c98a000 r--s 00033000 08:06 9307049                    /home/anmol/.m2/repository/org/codehaus/plexus/plexus-utils/2.0.5/plexus-utils-2.0.5.jar
7f844c98a000-7f844c98d000 r--s 0001b000 08:06 9307047                    /home/anmol/.m2/repository/junit/junit/3.8.1/junit-3.8.1.jar
7f844c98d000-7f844c98f000 r--s 00002000 08:06 9307033                    /home/anmol/.m2/repository/org/codehaus/plexus/plexus-interactivity-api/1.0-alpha-4/plexus-interactivity-api-1.0-alpha-4.jar
7f844c98f000-7f844c991000 r--s 00006000 08:06 9307029                    /home/anmol/.m2/repository/commons-cli/commons-cli/1.0/commons-cli-1.0.jar
7f844c991000-7f844c992000 r--s 00001000 08:06 9307023                    /home/anmol/.m2/repository/org/apache/maven/doxia/doxia-sink-api/1.0-alpha-7/doxia-sink-api-1.0-alpha-7.jar
7f844c992000-7f844c993000 r--s 00002000 08:06 9307021                    /home/anmol/.m2/repository/org/apache/maven/reporting/maven-reporting-api/2.0.6/maven-reporting-api-2.0.6.jar
7f844c993000-7f844c995000 r--s 00006000 08:06 9306250                    /home/anmol/.m2/repository/org/apache/maven/plugins/maven-resources-plugin/2.6/maven-resources-plugin-2.6.jar
7f844c995000-7f844c99a000 r--s 0004d000 08:06 17959605                   /usr/lib/jvm/java-7-openjdk-amd64/jre/lib/jsse.jar
7f844c99a000-7f844c9b1000 r-xp 00000000 08:06 17958340                   /usr/lib/jvm/java-7-openjdk-amd64/jre/lib/amd64/libnet.so
7f844c9b1000-7f844cbb0000 ---p 00017000 08:06 17958340                   /usr/lib/jvm/java-7-openjdk-amd64/jre/lib/amd64/libnet.so
7f844cbb0000-7f844cbb1000 r--p 00016000 08:06 17958340                   /usr/lib/jvm/java-7-openjdk-amd64/jre/lib/amd64/libnet.so
7f844cbb1000-7f844cbb2000 rw-p 00017000 08:06 17958340                   /usr/lib/jvm/java-7-openjdk-amd64/jre/lib/amd64/libnet.so
7f844cbb2000-7f844cbc2000 r-xp 00000000 08:06 17958327                   /usr/lib/jvm/java-7-openjdk-amd64/jre/lib/amd64/libnio.so
7f844cbc2000-7f844cdc2000 ---p 00010000 08:06 17958327                   /usr/lib/jvm/java-7-openjdk-amd64/jre/lib/amd64/libnio.so
7f844cdc2000-7f844cdc3000 r--p 00010000 08:06 17958327                   /usr/lib/jvm/java-7-openjdk-amd64/jre/lib/amd64/libnio.so
7f844cdc3000-7f844cdc4000 rw-p 00011000 08:06 17958327                   /usr/lib/jvm/java-7-openjdk-amd64/jre/lib/amd64/libnio.so
7f844cdc4000-7f844cdc5000 r--s 00002000 08:06 9176662                    /home/anmol/Desktop/eclipse/plugins/org.eclipse.m2e.maven.runtime.slf4j.simple_1.6.0.20150526-2031/jars/slf4j-simple-1.7.5.jar
7f844cdc5000-7f844cdca000 r--s 00041000 08:06 9175989                    /home/anmol/Desktop/eclipse/plugins/org.eclipse.m2e.maven.runtime_1.6.0.20150526-2031/jars/commons-lang-2.6.jar
7f844cdca000-7f844cdcb000 r--s 00002000 08:06 9176011                    /home/anmol/Desktop/eclipse/plugins/org.eclipse.m2e.maven.runtime_1.6.0.20150526-2031/jars/wagon-file-2.9.jar
7f844cdcb000-7f844cdcd000 r--s 00005000 08:06 9176001                    /home/anmol/Desktop/eclipse/plugins/org.eclipse.m2e.maven.runtime_1.6.0.20150526-2031/jars/aether-transport-wagon-1.0.2.v20150114.jar
7f844cdcd000-7f844cdce000 r--s 00008000 08:06 9175979                    /home/anmol/Desktop/eclipse/plugins/org.eclipse.m2e.maven.runtime_1.6.0.20150526-2031/jars/aether-connector-basic-1.0.2.v20150114.jar
7f844cdce000-7f844cdd0000 r--s 0000e000 08:06 9175981                    /home/anmol/Desktop/eclipse/plugins/org.eclipse.m2e.maven.runtime_1.6.0.20150526-2031/jars/okio-1.3.0.jar
7f844cdd0000-7f844cdd5000 r--s 00043000 08:06 9175988                    /home/anmol/Desktop/eclipse/plugins/org.eclipse.m2e.maven.runtime_1.6.0.20150526-2031/jars/okhttp-2.3.0.jar
7f844cdd5000-7f844cdd7000 r--s 0000a000 08:06 9176003                    /home/anmol/Desktop/eclipse/plugins/org.eclipse.m2e.maven.runtime_1.6.0.20150526-2031/jars/aether-connector-okhttp-0.15.0.jar
7f844cdd7000-7f844cdd9000 r--s 00006000 08:06 9175983                    /home/anmol/Desktop/eclipse/plugins/org.eclipse.m2e.maven.runtime_1.6.0.20150526-2031/jars/aether-spi-1.0.2.v20150114.jar
7f844cdd9000-7f844cddd000 r--s 00027000 08:06 9175997                    /home/anmol/Desktop/eclipse/plugins/org.eclipse.m2e.maven.runtime_1.6.0.20150526-2031/jars/aether-impl-1.0.2.v20150114.jar
7f844cddd000-7f844ce08000 r--s 001fc000 08:06 9175995                    /home/anmol/Desktop/eclipse/plugins/org.eclipse.m2e.maven.runtime_1.6.0.20150526-2031/jars/guava-18.0.jar
7f844ce08000-7f844ce11000 r--s 00059000 08:06 9175991                    /home/anmol/Desktop/eclipse/plugins/org.eclipse.m2e.maven.runtime_1.6.0.20150526-2031/jars/sisu-guice-3.2.5-no_aop.jar
7f844ce11000-7f844ce18000 r--s 00055000 08:06 9175993                    /home/anmol/Desktop/eclipse/plugins/org.eclipse.m2e.maven.runtime_1.6.0.20150526-2031/jars/org.eclipse.sisu.inject-0.3.0.jar
7f844ce18000-7f844ce19000 r--s 00001000 08:06 9175987                    /home/anmol/Desktop/eclipse/plugins/org.eclipse.m2e.maven.runtime_1.6.0.20150526-2031/jars/jsr250-api-1.0.jar
7f844ce19000-7f844ce1c000 r--s 00008000 08:06 9175976                    /home/anmol/Desktop/eclipse/plugins/org.eclipse.m2e.maven.runtime_1.6.0.20150526-2031/jars/cdi-api-1.0.jar
7f844ce1c000-7f844ce22000 r--s 0002d000 08:06 9175978                    /home/anmol/Desktop/eclipse/plugins/org.eclipse.m2e.maven.runtime_1.6.0.20150526-2031/jars/org.eclipse.sisu.plexus-0.3.0.jar
7f844ce22000-7f844ce25000 r--s 0000b000 08:06 9175975                    /home/anmol/Desktop/eclipse/plugins/org.eclipse.m2e.maven.runtime_1.6.0.20150526-2031/jars/wagon-provider-api-2.9.jar
7f844ce25000-7f844ce2c000 r--s 00040000 08:06 9176004                    /home/anmol/Desktop/eclipse/plugins/org.eclipse.m2e.maven.runtime_1.6.0.20150526-2031/jars/maven-compat-3.3.3.jar
7f844ce2c000-7f844ce2e000 r--s 00009000 08:06 9176010                    /home/anmol/Desktop/eclipse/plugins/org.eclipse.m2e.maven.runtime_1.6.0.20150526-2031/jars/commons-cli-1.2.jar
7f844ce2e000-7f844ce30000 r--s 00002000 08:06 9175996                    /home/anmol/Desktop/eclipse/plugins/org.eclipse.m2e.maven.runtime_1.6.0.20150526-2031/jars/plexus-cipher-1.7.jar
7f844ce30000-7f844ce33000 r--s 00013000 08:06 9175992                    /home/anmol/Desktop/eclipse/plugins/org.eclipse.m2e.maven.runtime_1.6.0.20150526-2031/jars/maven-embedder-3.3.3.jar
7f844ce33000-7f844ce34000 r--s 00006000 08:06 9176005                    /home/anmol/Desktop/eclipse/plugins/org.eclipse.m2e.maven.runtime_1.6.0.20150526-2031/jars/plexus-sec-dispatcher-1.3.jar
7f844ce34000-7f844ce36000 r--s 00000000 08:06 9176000                    /home/anmol/Desktop/eclipse/plugins/org.eclipse.m2e.maven.runtime_1.6.0.20150526-2031/jars/plexus-component-annotations-1.5.5.jar
7f844ce36000-7f844ce3a000 r--s 00038000 08:06 9175972                    /home/anmol/Desktop/eclipse/plugins/org.eclipse.m2e.maven.runtime_1.6.0.20150526-2031/jars/plexus-utils-3.0.20.jar
7f844ce3a000-7f844ce3d000 r--s 0000d000 08:06 9175982                    /home/anmol/Desktop/eclipse/plugins/org.eclipse.m2e.maven.runtime_1.6.0.20150526-2031/jars/plexus-interpolation-1.21.jar
7f844ce3d000-7f844ce41000 r--s 00020000 08:06 9175994                    /home/anmol/Desktop/eclipse/plugins/org.eclipse.m2e.maven.runtime_1.6.0.20150526-2031/jars/aether-util-1.0.2.v20150114.jar
7f844ce41000-7f844ce46000 r--s 0001d000 08:06 9175998                    /home/anmol/Desktop/eclipse/plugins/org.eclipse.m2e.maven.runtime_1.6.0.20150526-2031/jars/aether-api-1.0.2.v20150114.jar
7f844ce46000-7f844ce48000 r--s 0000f000 08:06 9175986                    /home/anmol/Desktop/eclipse/plugins/org.eclipse.m2e.maven.runtime_1.6.0.20150526-2031/jars/maven-aether-provider-3.3.3.jar
7f844ce48000-7f844ce4d000 r--s 00027000 08:06 9175999                    /home/anmol/Desktop/eclipse/plugins/org.eclipse.m2e.maven.runtime_1.6.0.20150526-2031/jars/maven-model-builder-3.3.3.jar
7f844ce4d000-7f844ce4f000 r--s 0000a000 08:06 9175990                    /home/anmol/Desktop/eclipse/plugins/org.eclipse.m2e.maven.runtime_1.6.0.20150526-2031/jars/maven-plugin-api-3.3.3.jar
7f844ce4f000-7f844ce51000 r--s 0000c000 08:06 9175984                    /home/anmol/Desktop/eclipse/plugins/org.eclipse.m2e.maven.runtime_1.6.0.20150526-2031/jars/maven-artifact-3.3.3.jar
7f844ce51000-7f844ce53000 r--s 00005000 08:06 9176009                    /home/anmol/Desktop/eclipse/plugins/org.eclipse.m2e.maven.runtime_1.6.0.20150526-2031/jars/maven-repository-metadata-3.3.3.jar
7f844ce53000-7f844ce54000 r--s 00003000 08:06 9175985                    /home/anmol/Desktop/eclipse/plugins/org.eclipse.m2e.maven.runtime_1.6.0.20150526-2031/jars/maven-builder-support-3.3.3.jar
7f844ce54000-7f844ce56000 r--s 00009000 08:06 9176002                    /home/anmol/Desktop/eclipse/plugins/org.eclipse.m2e.maven.runtime_1.6.0.20150526-2031/jars/maven-settings-builder-3.3.3.jar
7f844ce56000-7f844ce58000 r--s 00009000 08:06 9175974                    /home/anmol/Desktop/eclipse/plugins/org.eclipse.m2e.maven.runtime_1.6.0.20150526-2031/jars/maven-settings-3.3.3.jar
7f844ce58000-7f844ce5b000 r--s 00025000 08:06 9176008                    /home/anmol/Desktop/eclipse/plugins/org.eclipse.m2e.maven.runtime_1.6.0.20150526-2031/jars/maven-model-3.3.3.jar
7f844ce5b000-7f844ce68000 r--s 0008e000 08:06 9175973                    /home/anmol/Desktop/eclipse/plugins/org.eclipse.m2e.maven.runtime_1.6.0.20150526-2031/jars/maven-core-3.3.3.jar
7f844ce68000-7f844ce69000 r--s 00003000 08:06 9176007                    /home/anmol/Desktop/eclipse/plugins/org.eclipse.m2e.maven.runtime_1.6.0.20150526-2031/jars/takari-filemanager-0.7.0.jar
7f844ce69000-7f844ce6b000 r--s 00001000 08:06 9175980                    /home/anmol/Desktop/eclipse/plugins/org.eclipse.m2e.maven.runtime_1.6.0.20150526-2031/jars/takari-local-repository-0.9.0.jar
7f844ce6b000-7f844ce6d000 r--s 0000b000 08:06 9175977                    /home/anmol/Desktop/eclipse/plugins/org.eclipse.m2e.maven.runtime_1.6.0.20150526-2031/jars/plexus-classworlds-2.5.2.jar
7f844ce6d000-7f844ce70000 r--s 0000f000 08:06 17958349                   /usr/lib/jvm/java-7-openjdk-amd64/jre/lib/ext/icedtea-sound.jar
7f844ce70000-7f844ce74000 r--s 0003c000 08:06 17958351                   /usr/lib/jvm/java-7-openjdk-amd64/jre/lib/ext/sunpkcs11.jar
7f844ce74000-7f844ce75000 ---p 00000000 00:00 0 
7f844ce75000-7f844cf75000 rw-p 00000000 00:00 0                          [stack:4198]
7f844cf75000-7f844cf78000 ---p 00000000 00:00 0 
7f844cf78000-7f844d076000 rw-p 00000000 00:00 0                          [stack:4197]
7f844d076000-7f844d079000 ---p 00000000 00:00 0 
7f844d079000-7f844d177000 rw-p 00000000 00:00 0                          [stack:4196]
7f844d177000-7f844d17a000 ---p 00000000 00:00 0 
7f844d17a000-7f844d278000 rw-p 00000000 00:00 0                          [stack:4195]
7f844d278000-7f844d27b000 ---p 00000000 00:00 0 
7f844d27b000-7f844d379000 rw-p 00000000 00:00 0                          [stack:4194]
7f844d379000-7f844d642000 r--p 00000000 08:06 17831896                   /usr/lib/locale/locale-archive
7f844d642000-7f844d645000 ---p 00000000 00:00 0 
7f844d645000-7f844d743000 rw-p 00000000 00:00 0                          [stack:4193]
7f844d743000-7f844d746000 ---p 00000000 00:00 0 
7f844d746000-7f844d844000 rw-p 00000000 00:00 0                          [stack:4192]
7f844d844000-7f844d845000 ---p 00000000 00:00 0 
7f844d845000-7f844e921000 rw-p 00000000 00:00 0                          [stack:4191]
7f844e921000-7f844ead2000 r--s 01d27000 08:06 17958346                   /usr/lib/jvm/java-7-openjdk-amd64/jre/lib/rt.jar
7f844ead2000-7f844f16b000 rw-p 00000000 00:00 0 
7f844f16b000-7f844f16c000 ---p 00000000 00:00 0 
7f844f16c000-7f844f26c000 rw-p 00000000 00:00 0                          [stack:4190]
7f844f26c000-7f844f26d000 ---p 00000000 00:00 0 
7f844f26d000-7f844f36d000 rw-p 00000000 00:00 0                          [stack:4189]
7f844f36d000-7f844f36e000 ---p 00000000 00:00 0 
7f844f36e000-7f844f46e000 rw-p 00000000 00:00 0                          [stack:4188]
7f844f46e000-7f844f46f000 ---p 00000000 00:00 0 
7f844f46f000-7f844f5ad000 rw-p 00000000 00:00 0                          [stack:4187]
7f844f5ad000-7f844f94f000 rw-p 00000000 00:00 0 
7f844f94f000-7f844f95a000 rw-p 00000000 00:00 0 
7f844f95a000-7f844f9a2000 rw-p 00000000 00:00 0 
7f844f9a2000-7f844f9e0000 rw-p 00000000 00:00 0 
7f844f9e0000-7f844fd82000 rw-p 00000000 00:00 0 
7f844fd82000-7f844fde8000 rw-p 00000000 00:00 0 
7f844fde8000-7f844ff72000 rw-p 00000000 00:00 0 
7f844ff72000-7f844ff73000 rw-p 00000000 00:00 0 
7f844ff73000-7f84501e3000 rwxp 00000000 00:00 0 
7f84501e3000-7f8452f73000 rw-p 00000000 00:00 0 
7f8452f73000-7f8452f7b000 r-xp 00000000 08:06 17958323                   /usr/lib/jvm/java-7-openjdk-amd64/jre/lib/amd64/libzip.so
7f8452f7b000-7f845317a000 ---p 00008000 08:06 17958323                   /usr/lib/jvm/java-7-openjdk-amd64/jre/lib/amd64/libzip.so
7f845317a000-7f845317b000 r--p 00007000 08:06 17958323                   /usr/lib/jvm/java-7-openjdk-amd64/jre/lib/amd64/libzip.so
7f845317b000-7f845317c000 rw-p 00008000 08:06 17958323                   /usr/lib/jvm/java-7-openjdk-amd64/jre/lib/amd64/libzip.so
7f845317c000-7f8453187000 r-xp 00000000 08:06 9703712                    /lib/x86_64-linux-gnu/libnss_files-2.19.so
7f8453187000-7f8453386000 ---p 0000b000 08:06 9703712                    /lib/x86_64-linux-gnu/libnss_files-2.19.so
7f8453386000-7f8453387000 r--p 0000a000 08:06 9703712                    /lib/x86_64-linux-gnu/libnss_files-2.19.so
7f8453387000-7f8453388000 rw-p 0000b000 08:06 9703712                    /lib/x86_64-linux-gnu/libnss_files-2.19.so
7f8453388000-7f8453393000 r-xp 00000000 08:06 9703732                    /lib/x86_64-linux-gnu/libnss_nis-2.19.so
7f8453393000-7f8453592000 ---p 0000b000 08:06 9703732                    /lib/x86_64-linux-gnu/libnss_nis-2.19.so
7f8453592000-7f8453593000 r--p 0000a000 08:06 9703732                    /lib/x86_64-linux-gnu/libnss_nis-2.19.so
7f8453593000-7f8453594000 rw-p 0000b000 08:06 9703732                    /lib/x86_64-linux-gnu/libnss_nis-2.19.so
7f8453594000-7f84535ab000 r-xp 00000000 08:06 9703721                    /lib/x86_64-linux-gnu/libnsl-2.19.so
7f84535ab000-7f84537aa000 ---p 00017000 08:06 9703721                    /lib/x86_64-linux-gnu/libnsl-2.19.so
7f84537aa000-7f84537ab000 r--p 00016000 08:06 9703721                    /lib/x86_64-linux-gnu/libnsl-2.19.so
7f84537ab000-7f84537ac000 rw-p 00017000 08:06 9703721                    /lib/x86_64-linux-gnu/libnsl-2.19.so
7f84537ac000-7f84537ae000 rw-p 00000000 00:00 0 
7f84537ae000-7f84537b7000 r-xp 00000000 08:06 9703720                    /lib/x86_64-linux-gnu/libnss_compat-2.19.so
7f84537b7000-7f84539b6000 ---p 00009000 08:06 9703720                    /lib/x86_64-linux-gnu/libnss_compat-2.19.so
7f84539b6000-7f84539b7000 r--p 00008000 08:06 9703720                    /lib/x86_64-linux-gnu/libnss_compat-2.19.so
7f84539b7000-7f84539b8000 rw-p 00009000 08:06 9703720                    /lib/x86_64-linux-gnu/libnss_compat-2.19.so
7f84539b8000-7f84539e3000 r-xp 00000000 08:06 17958339                   /usr/lib/jvm/java-7-openjdk-amd64/jre/lib/amd64/libjava.so
7f84539e3000-7f8453be3000 ---p 0002b000 08:06 17958339                   /usr/lib/jvm/java-7-openjdk-amd64/jre/lib/amd64/libjava.so
7f8453be3000-7f8453be4000 r--p 0002b000 08:06 17958339                   /usr/lib/jvm/java-7-openjdk-amd64/jre/lib/amd64/libjava.so
7f8453be4000-7f8453be6000 rw-p 0002c000 08:06 17958339                   /usr/lib/jvm/java-7-openjdk-amd64/jre/lib/amd64/libjava.so
7f8453be6000-7f8453bf6000 r-xp 00000000 08:06 17958336                   /usr/lib/jvm/java-7-openjdk-amd64/jre/lib/amd64/libverify.so
7f8453bf6000-7f8453df5000 ---p 00010000 08:06 17958336                   /usr/lib/jvm/java-7-openjdk-amd64/jre/lib/amd64/libverify.so
7f8453df5000-7f8453df7000 r--p 0000f000 08:06 17958336                   /usr/lib/jvm/java-7-openjdk-amd64/jre/lib/amd64/libverify.so
7f8453df7000-7f8453df8000 rw-p 00011000 08:06 17958336                   /usr/lib/jvm/java-7-openjdk-amd64/jre/lib/amd64/libverify.so
7f8453df8000-7f8453dff000 r-xp 00000000 08:06 9703729                    /lib/x86_64-linux-gnu/librt-2.19.so
7f8453dff000-7f8453ffe000 ---p 00007000 08:06 9703729                    /lib/x86_64-linux-gnu/librt-2.19.so
7f8453ffe000-7f8453fff000 r--p 00006000 08:06 9703729                    /lib/x86_64-linux-gnu/librt-2.19.so
7f8453fff000-7f8454000000 rw-p 00007000 08:06 9703729                    /lib/x86_64-linux-gnu/librt-2.19.so
7f8454000000-7f8457fff000 rw-p 00000000 00:00 0 
7f8457fff000-7f8458000000 ---p 00000000 00:00 0 
7f8458000000-7f84580cc000 rw-p 00000000 00:00 0 
7f84580cc000-7f8458114000 rw-p 00000000 00:00 0 
7f8458114000-7f845812a000 r-xp 00000000 08:06 9703465                    /lib/x86_64-linux-gnu/libgcc_s.so.1
7f845812a000-7f8458329000 ---p 00016000 08:06 9703465                    /lib/x86_64-linux-gnu/libgcc_s.so.1
7f8458329000-7f845832a000 rw-p 00015000 08:06 9703465                    /lib/x86_64-linux-gnu/libgcc_s.so.1
7f845832a000-7f845842f000 r-xp 00000000 08:06 9699354                    /lib/x86_64-linux-gnu/libm-2.19.so
7f845842f000-7f845862e000 ---p 00105000 08:06 9699354                    /lib/x86_64-linux-gnu/libm-2.19.so
7f845862e000-7f845862f000 r--p 00104000 08:06 9699354                    /lib/x86_64-linux-gnu/libm-2.19.so
7f845862f000-7f8458630000 rw-p 00105000 08:06 9699354                    /lib/x86_64-linux-gnu/libm-2.19.so
7f8458630000-7f8458716000 r-xp 00000000 08:06 17833011                   /usr/lib/x86_64-linux-gnu/libstdc++.so.6.0.19
7f8458716000-7f8458915000 ---p 000e6000 08:06 17833011                   /usr/lib/x86_64-linux-gnu/libstdc++.so.6.0.19
7f8458915000-7f845891d000 r--p 000e5000 08:06 17833011                   /usr/lib/x86_64-linux-gnu/libstdc++.so.6.0.19
7f845891d000-7f845891f000 rw-p 000ed000 08:06 17833011                   /usr/lib/x86_64-linux-gnu/libstdc++.so.6.0.19
7f845891f000-7f8458934000 rw-p 00000000 00:00 0 
7f8458934000-7f845944c000 r-xp 00000000 08:06 17958344                   /usr/lib/jvm/java-7-openjdk-amd64/jre/lib/amd64/server/libjvm.so
7f845944c000-7f845964c000 ---p 00b18000 08:06 17958344                   /usr/lib/jvm/java-7-openjdk-amd64/jre/lib/amd64/server/libjvm.so
7f845964c000-7f84596e6000 r--p 00b18000 08:06 17958344                   /usr/lib/jvm/java-7-openjdk-amd64/jre/lib/amd64/server/libjvm.so
7f84596e6000-7f8459709000 rw-p 00bb2000 08:06 17958344                   /usr/lib/jvm/java-7-openjdk-amd64/jre/lib/amd64/server/libjvm.so
7f8459709000-7f8459737000 rw-p 00000000 00:00 0 
7f8459737000-7f845974f000 r-xp 00000000 08:06 9703602                    /lib/x86_64-linux-gnu/libz.so.1.2.8
7f845974f000-7f845994e000 ---p 00018000 08:06 9703602                    /lib/x86_64-linux-gnu/libz.so.1.2.8
7f845994e000-7f845994f000 r--p 00017000 08:06 9703602                    /lib/x86_64-linux-gnu/libz.so.1.2.8
7f845994f000-7f8459950000 rw-p 00018000 08:06 9703602                    /lib/x86_64-linux-gnu/libz.so.1.2.8
7f8459950000-7f8459969000 r-xp 00000000 08:06 9703727                    /lib/x86_64-linux-gnu/libpthread-2.19.so
7f8459969000-7f8459b68000 ---p 00019000 08:06 9703727                    /lib/x86_64-linux-gnu/libpthread-2.19.so
7f8459b68000-7f8459b69000 r--p 00018000 08:06 9703727                    /lib/x86_64-linux-gnu/libpthread-2.19.so
7f8459b69000-7f8459b6a000 rw-p 00019000 08:06 9703727                    /lib/x86_64-linux-gnu/libpthread-2.19.so
7f8459b6a000-7f8459b6e000 rw-p 00000000 00:00 0 
7f8459b6e000-7f8459b71000 r-xp 00000000 08:06 9703715                    /lib/x86_64-linux-gnu/libdl-2.19.so
7f8459b71000-7f8459d70000 ---p 00003000 08:06 9703715                    /lib/x86_64-linux-gnu/libdl-2.19.so
7f8459d70000-7f8459d71000 r--p 00002000 08:06 9703715                    /lib/x86_64-linux-gnu/libdl-2.19.so
7f8459d71000-7f8459d72000 rw-p 00003000 08:06 9703715                    /lib/x86_64-linux-gnu/libdl-2.19.so
7f8459d72000-7f8459f2d000 r-xp 00000000 08:06 9703726                    /lib/x86_64-linux-gnu/libc-2.19.so
7f8459f2d000-7f845a12c000 ---p 001bb000 08:06 9703726                    /lib/x86_64-linux-gnu/libc-2.19.so
7f845a12c000-7f845a130000 r--p 001ba000 08:06 9703726                    /lib/x86_64-linux-gnu/libc-2.19.so
7f845a130000-7f845a132000 rw-p 001be000 08:06 9703726                    /lib/x86_64-linux-gnu/libc-2.19.so
7f845a132000-7f845a137000 rw-p 00000000 00:00 0 
7f845a137000-7f845a144000 r-xp 00000000 08:06 17958313                   /usr/lib/jvm/java-7-openjdk-amd64/jre/lib/amd64/jli/libjli.so
7f845a144000-7f845a343000 ---p 0000d000 08:06 17958313                   /usr/lib/jvm/java-7-openjdk-amd64/jre/lib/amd64/jli/libjli.so
7f845a343000-7f845a344000 r--p 0000c000 08:06 17958313                   /usr/lib/jvm/java-7-openjdk-amd64/jre/lib/amd64/jli/libjli.so
7f845a344000-7f845a345000 rw-p 0000d000 08:06 17958313                   /usr/lib/jvm/java-7-openjdk-amd64/jre/lib/amd64/jli/libjli.so
7f845a345000-7f845a368000 r-xp 00000000 08:06 9703723                    /lib/x86_64-linux-gnu/ld-2.19.so
7f845a368000-7f845a36b000 r--s 00086000 08:06 17958352                   /usr/lib/jvm/java-7-openjdk-amd64/jre/lib/ext/localedata.jar
7f845a36b000-7f845a36f000 r--s 00034000 08:06 17958353                   /usr/lib/jvm/java-7-openjdk-amd64/jre/lib/ext/sunjce_provider.jar
7f845a36f000-7f845a379000 rw-p 00000000 00:00 0 
7f845a379000-7f845a42f000 rw-p 00000000 00:00 0 
7f845a42f000-7f845a432000 ---p 00000000 00:00 0 
7f845a432000-7f845a535000 rw-p 00000000 00:00 0                          [stack:4185]
7f845a535000-7f845a537000 r--s 00012000 08:06 17958354                   /usr/lib/jvm/java-7-openjdk-amd64/jre/lib/ext/zipfs.jar
7f845a537000-7f845a538000 r--s 00002000 08:06 17958350                   /usr/lib/jvm/java-7-openjdk-amd64/jre/lib/ext/dnsns.jar
7f845a538000-7f845a53a000 r--s 00006000 08:06 18354934                   /usr/share/java/java-atk-wrapper.jar
7f845a53a000-7f845a55b000 rw-p 00000000 00:00 0 
7f845a55b000-7f845a563000 rw-s 00000000 08:06 4194349                    /tmp/hsperfdata_anmol/4181
7f845a563000-7f845a564000 rw-p 00000000 00:00 0 
7f845a564000-7f845a565000 ---p 00000000 00:00 0 
7f845a565000-7f845a567000 rw-p 00000000 00:00 0 
7f845a567000-7f845a568000 r--p 00022000 08:06 9703723                    /lib/x86_64-linux-gnu/ld-2.19.so
7f845a568000-7f845a569000 rw-p 00023000 08:06 9703723                    /lib/x86_64-linux-gnu/ld-2.19.so
7f845a569000-7f845a56a000 rw-p 00000000 00:00 0 
7ffffeb2c000-7ffffeb4d000 rw-p 00000000 00:00 0                          [stack]
7ffffebfe000-7ffffec00000 r-xp 00000000 00:00 0                          [vdso]
ffffffffff600000-ffffffffff601000 r-xp 00000000 00:00 0                  [vsyscall]

VM Arguments:
jvm_args: -Dmaven.home=EMBEDDED -Dclassworlds.conf=/home/anmol/Desktop/sem2_2015/325/325_projects/.metadata/.plugins/org.eclipse.m2e.launching/launches/m2conf6014962322335656443.tmp -Dmaven.multiModuleProjectDirectory=/home/anmol/Desktop/sem2_2015/325/325_projects/HomeworkSubmission -Dfile.encoding=UTF-8 
java_command: org.codehaus.plexus.classworlds.launcher.Launcher -B install
Launcher Type: SUN_STANDARD

Environment Variables:
PATH=/usr/local/sbin:/usr/local/bin:/usr/sbin:/usr/bin:/sbin:/bin:/usr/games:/usr/local/games:/home/anmol/.rvm/bin
USERNAME=anmol
SHELL=/bin/bash
DISPLAY=:0.0

Signal Handlers:
SIGSEGV: [libjvm.so+0x94b9a0], sa_mask[0]=0x7ffbfeff, sa_flags=0x10000004
SIGBUS: [libjvm.so+0x94b9a0], sa_mask[0]=0x7ffbfeff, sa_flags=0x10000004
SIGFPE: [libjvm.so+0x7c3880], sa_mask[0]=0x7ffbfeff, sa_flags=0x10000004
SIGPIPE: [libjvm.so+0x7c3880], sa_mask[0]=0x7ffbfeff, sa_flags=0x10000004
SIGXFSZ: [libjvm.so+0x7c3880], sa_mask[0]=0x7ffbfeff, sa_flags=0x10000004
SIGILL: [libjvm.so+0x7c3880], sa_mask[0]=0x7ffbfeff, sa_flags=0x10000004
SIGUSR1: SIG_DFL, sa_mask[0]=0x00000000, sa_flags=0x00000000
SIGUSR2: [libjvm.so+0x7c3720], sa_mask[0]=0x00000004, sa_flags=0x10000004
SIGHUP: [libjvm.so+0x7c3900], sa_mask[0]=0x7ffbfeff, sa_flags=0x10000004
SIGINT: [libjvm.so+0x7c3900], sa_mask[0]=0x7ffbfeff, sa_flags=0x10000004
SIGTERM: [libjvm.so+0x7c3900], sa_mask[0]=0x7ffbfeff, sa_flags=0x10000004
SIGQUIT: [libjvm.so+0x7c3900], sa_mask[0]=0x7ffbfeff, sa_flags=0x10000004
SIGTRAP: SIG_DFL, sa_mask[0]=0x00000000, sa_flags=0x00000000


---------------  S Y S T E M  ---------------

OS:LinuxMint 17.2 (rafaela)
uname:Linux 3.13.0-37-generic #64-Ubuntu SMP Mon Sep 22 21:28:38 UTC 2014 x86_64
libc:glibc 2.19 NPTL 2.19 
rlimit: STACK 8192k, CORE 0k, NPROC 94302, NOFILE 4096, AS infinity
load average:1.82 1.62 1.82

/proc/meminfo:
MemTotal:       12182552 kB
MemFree:          171324 kB
Buffers:            3284 kB
Cached:          2006632 kB
SwapCached:            0 kB
Active:          9974928 kB
Inactive:        1609596 kB
Active(anon):    9870104 kB
Inactive(anon):  1513944 kB
Active(file):     104824 kB
Inactive(file):    95652 kB
Unevictable:         344 kB
Mlocked:             344 kB
SwapTotal:             0 kB
SwapFree:              0 kB
Dirty:                 0 kB
Writeback:             0 kB
AnonPages:       9575008 kB
Mapped:          1337160 kB
Shmem:           1809344 kB
Slab:             136060 kB
SReclaimable:      49044 kB
SUnreclaim:        87016 kB
KernelStack:        9904 kB
PageTables:       135952 kB
NFS_Unstable:          0 kB
Bounce:                0 kB
WritebackTmp:          0 kB
CommitLimit:     6091276 kB
Committed_AS:   26914152 kB
VmallocTotal:   34359738367 kB
VmallocUsed:      372852 kB
VmallocChunk:   34359282108 kB
HardwareCorrupted:     0 kB
AnonHugePages:   3090432 kB
HugePages_Total:       0
HugePages_Free:        0
HugePages_Rsvd:        0
HugePages_Surp:        0
Hugepagesize:       2048 kB
DirectMap4k:       76080 kB
DirectMap2M:     1898496 kB
DirectMap1G:    10485760 kB


CPU:total 4 (2 cores per cpu, 2 threads per core) family 6 model 69 stepping 1, cmov, cx8, fxsr, mmx, sse, sse2, sse3, ssse3, sse4.1, sse4.2, popcnt, avx, avx2, aes, erms, ht, tsc, tscinvbit

/proc/cpuinfo:
processor	: 0
vendor_id	: GenuineIntel
cpu family	: 6
model		: 69
model name	: Intel(R) Core(TM) i7-4600U CPU @ 2.10GHz
stepping	: 1
microcode	: 0x1c
cpu MHz		: 2100.000
cache size	: 4096 KB
physical id	: 0
siblings	: 4
core id		: 0
cpu cores	: 2
apicid		: 0
initial apicid	: 0
fpu		: yes
fpu_exception	: yes
cpuid level	: 13
wp		: yes
flags		: fpu vme de pse tsc msr pae mce cx8 apic sep mtrr pge mca cmov pat pse36 clflush dts acpi mmx fxsr sse sse2 ss ht tm pbe syscall nx pdpe1gb rdtscp lm constant_tsc arch_perfmon pebs bts rep_good nopl xtopology nonstop_tsc aperfmperf eagerfpu pni pclmulqdq dtes64 monitor ds_cpl vmx smx est tm2 ssse3 fma cx16 xtpr pdcm pcid sse4_1 sse4_2 x2apic movbe popcnt tsc_deadline_timer aes xsave avx f16c rdrand lahf_lm abm ida arat epb xsaveopt pln pts dtherm tpr_shadow vnmi flexpriority ept vpid fsgsbase tsc_adjust bmi1 avx2 smep bmi2 erms invpcid
bogomips	: 5387.50
clflush size	: 64
cache_alignment	: 64
address sizes	: 39 bits physical, 48 bits virtual
power management:

processor	: 1
vendor_id	: GenuineIntel
cpu family	: 6
model		: 69
model name	: Intel(R) Core(TM) i7-4600U CPU @ 2.10GHz
stepping	: 1
microcode	: 0x1c
cpu MHz		: 2100.000
cache size	: 4096 KB
physical id	: 0
siblings	: 4
core id		: 0
cpu cores	: 2
apicid		: 1
initial apicid	: 1
fpu		: yes
fpu_exception	: yes
cpuid level	: 13
wp		: yes
flags		: fpu vme de pse tsc msr pae mce cx8 apic sep mtrr pge mca cmov pat pse36 clflush dts acpi mmx fxsr sse sse2 ss ht tm pbe syscall nx pdpe1gb rdtscp lm constant_tsc arch_perfmon pebs bts rep_good nopl xtopology nonstop_tsc aperfmperf eagerfpu pni pclmulqdq dtes64 monitor ds_cpl vmx smx est tm2 ssse3 fma cx16 xtpr pdcm pcid sse4_1 sse4_2 x2apic movbe popcnt tsc_deadline_timer aes xsave avx f16c rdrand lahf_lm abm ida arat epb xsaveopt pln pts dtherm tpr_shadow vnmi flexpriority ept vpid fsgsbase tsc_adjust bmi1 avx2 smep bmi2 erms invpcid
bogomips	: 5387.50
clflush size	: 64
cache_alignment	: 64
address sizes	: 39 bits physical, 48 bits virtual
power management:

processor	: 2
vendor_id	: GenuineIntel
cpu family	: 6
model		: 69
model name	: Intel(R) Core(TM) i7-4600U CPU @ 2.10GHz
stepping	: 1
microcode	: 0x1c
cpu MHz		: 2100.000
cache size	: 4096 KB
physical id	: 0
siblings	: 4
core id		: 1
cpu cores	: 2
apicid		: 2
initial apicid	: 2
fpu		: yes
fpu_exception	: yes
cpuid level	: 13
wp		: yes
flags		: fpu vme de pse tsc msr pae mce cx8 apic sep mtrr pge mca cmov pat pse36 clflush dts acpi mmx fxsr sse sse2 ss ht tm pbe syscall nx pdpe1gb rdtscp lm constant_tsc arch_perfmon pebs bts rep_good nopl xtopology nonstop_tsc aperfmperf eagerfpu pni pclmulqdq dtes64 monitor ds_cpl vmx smx est tm2 ssse3 fma cx16 xtpr pdcm pcid sse4_1 sse4_2 x2apic movbe popcnt tsc_deadline_timer aes xsave avx f16c rdrand lahf_lm abm ida arat epb xsaveopt pln pts dtherm tpr_shadow vnmi flexpriority ept vpid fsgsbase tsc_adjust bmi1 avx2 smep bmi2 erms invpcid
bogomips	: 5387.50
clflush size	: 64
cache_alignment	: 64
address sizes	: 39 bits physical, 48 bits virtual
power management:

processor	: 3
vendor_id	: GenuineIntel
cpu family	: 6
model		: 69
model name	: Intel(R) Core(TM) i7-4600U CPU @ 2.10GHz
stepping	: 1
microcode	: 0x1c
cpu MHz		: 756.000
cache size	: 4096 KB
physical id	: 0
siblings	: 4
core id		: 1
cpu cores	: 2
apicid		: 3
initial apicid	: 3
fpu		: yes
fpu_exception	: yes
cpuid level	: 13
wp		: yes
flags		: fpu vme de pse tsc msr pae mce cx8 apic sep mtrr pge mca cmov pat pse36 clflush dts acpi mmx fxsr sse sse2 ss ht tm pbe syscall nx pdpe1gb rdtscp lm constant_tsc arch_perfmon pebs bts rep_good nopl xtopology nonstop_tsc aperfmperf eagerfpu pni pclmulqdq dtes64 monitor ds_cpl vmx smx est tm2 ssse3 fma cx16 xtpr pdcm pcid sse4_1 sse4_2 x2apic movbe popcnt tsc_deadline_timer aes xsave avx f16c rdrand lahf_lm abm ida arat epb xsaveopt pln pts dtherm tpr_shadow vnmi flexpriority ept vpid fsgsbase tsc_adjust bmi1 avx2 smep bmi2 erms invpcid
bogomips	: 5387.50
clflush size	: 64
cache_alignment	: 64
address sizes	: 39 bits physical, 48 bits virtual
power management:



Memory: 4k page, physical 12182552k(171324k free), swap 0k(0k free)

vm_info: OpenJDK 64-Bit Server VM (24.79-b02) for linux-amd64 JRE (1.7.0_79-b14), built on Apr 16 2015 08:21:58 by "buildd" with gcc 4.8.2

time: Fri Sep 25 00:22:19 2015
elapsed time: 7 seconds

